<?xml version="1.0" encoding="UTF-8"?>
<!-- Generated by org.testng.reporters.JUnitXMLReporter -->
<testsuite hostname="Alokesh-PC" name="MyTest" tests="4" failures="0" timestamp="7 Aug 2019 05:03:57 GMT" time="63.687" errors="0">
  <testcase name="TC001" time="0.001" classname="com.testcases.TestCompilation">
    <skipped/>
  </testcase> <!-- TC001 -->
  <testcase name="hello" time="41.58" classname="com.testcases.TestCompilation"/>
  <testcase name="tc002" time="0.0" classname="com.testcases.TestCompilation">
    <skipped/>
  </testcase> <!-- tc002 -->
  <testcase name="tc003" time="0.0" classname="com.testcases.TestCompilation"/>
</testsuite> <!-- MyTest -->
